INFO	?	main	2016-09-15T17:00:46.999Z	org.javacs.Main#connectToNode	Connected to parent using socket on port 55282
INFO	?	main	2016-09-15T17:00:47.218Z	org.javacs.JavaLanguageServer#doLint	Lint c:\Users\jweiser\Documents\dcc-portal\dcc-portal-server\src\main\java\org\icgc\dcc\portal\server\service\DrugService.java
INFO	?	main	2016-09-15T17:00:47.515Z	org.javacs.JavaLanguageServer#buildClassPath	Emit classpath to C:\Users\jweiser\AppData\Local\Temp\classpath6458259333872390095.txt
SEVERE	?	main	2016-09-15T17:00:47.521Z	org.javacs.Main$4#onError	java.io.IOException: Cannot run program "mvn" (in directory "c:\Users\jweiser\Documents\dcc-portal\dcc-portal-server"): CreateProcess error=2, The system cannot find the file specified
java.lang.RuntimeException: java.io.IOException: Cannot run program "mvn" (in directory "c:\Users\jweiser\Documents\dcc-portal\dcc-portal-server"): CreateProcess error=2, The system cannot find the file specified
	at org.javacs.JavaLanguageServer.buildClassPath(JavaLanguageServer.java:562)
	at org.javacs.JavaLanguageServer.readIfConfig(JavaLanguageServer.java:525)
	at org.javacs.JavaLanguageServer.doFindConfig(JavaLanguageServer.java:494)
	at org.javacs.JavaLanguageServer$$Lambda$55/134310351.apply(Unknown Source)
	at java.util.HashMap.computeIfAbsent(HashMap.java:1118)
	at org.javacs.JavaLanguageServer.findConfig(JavaLanguageServer.java:489)
	at org.javacs.JavaLanguageServer.findCompiler(JavaLanguageServer.java:454)
	at org.javacs.JavaLanguageServer.doLint(JavaLanguageServer.java:310)
	at org.javacs.JavaLanguageServer.access$400(JavaLanguageServer.java:31)
	at org.javacs.JavaLanguageServer$1.didOpen(JavaLanguageServer.java:200)
	at io.typefox.lsapi.services.transport.server.LanguageServerEndpoint._doAccept(LanguageServerEndpoint.xtend:198)
	at io.typefox.lsapi.services.transport.server.LanguageServerEndpoint.doAccept(LanguageServerEndpoint.xtend:194)
	at io.typefox.lsapi.services.transport.server.LanguageServerEndpoint.accept(LanguageServerEndpoint.xtend:114)
	at io.typefox.lsapi.services.transport.server.LanguageServerEndpoint.accept(LanguageServerEndpoint.xtend)
	at io.typefox.lsapi.services.transport.AbstractLanguageEndpoint.handleMessage(LanguageEndpoint.xtend:67)
	at io.typefox.lsapi.services.transport.AbstractLanguageEndpoint.lambda$connect$4(LanguageEndpoint.xtend:61)
	at io.typefox.lsapi.services.transport.AbstractLanguageEndpoint$$Lambda$51/1597655940.accept(Unknown Source)
	at io.typefox.lsapi.services.json.StreamMessageReader$1.apply(StreamMessageReader.java:45)
	at io.typefox.lsapi.services.json.StreamMessageReader$1.apply(StreamMessageReader.java:43)
	at io.typefox.lsapi.services.json.StreamMessageReader.handleMessage(StreamMessageReader.xtend:128)
	at io.typefox.lsapi.services.json.StreamMessageReader.listen(StreamMessageReader.xtend:61)
	at io.typefox.lsapi.services.transport.AbstractLanguageEndpoint.connect(LanguageEndpoint.xtend:60)
	at org.javacs.Main.run(Main.java:150)
	at org.javacs.Main.main(Main.java:69)
Caused by: java.io.IOException: Cannot run program "mvn" (in directory "c:\Users\jweiser\Documents\dcc-portal\dcc-portal-server"): CreateProcess error=2, The system cannot find the file specified
	at java.lang.ProcessBuilder.start(ProcessBuilder.java:1048)
	at java.lang.Runtime.exec(Runtime.java:620)
	at java.lang.Runtime.exec(Runtime.java:450)
	at org.javacs.JavaLanguageServer.buildClassPath(JavaLanguageServer.java:555)
	... 23 more
Caused by: java.io.IOException: CreateProcess error=2, The system cannot find the file specified
	at java.lang.ProcessImpl.create(Native Method)
	at java.lang.ProcessImpl.<init>(ProcessImpl.java:386)
	at java.lang.ProcessImpl.start(ProcessImpl.java:137)
	at java.lang.ProcessBuilder.start(ProcessBuilder.java:1029)
	... 26 more

INFO	?	main	2016-09-15T17:00:59.623Z	org.javacs.JavaLanguageServer#buildClassPath	Emit classpath to C:\Users\jweiser\AppData\Local\Temp\classpath7637456174920673111.txt
SEVERE	?	main	2016-09-15T17:00:59.657Z	org.javacs.Main$4#onError	java.io.IOException: Cannot run program "mvn" (in directory "c:\Users\jweiser\Documents\dcc-portal\dcc-portal-server"): CreateProcess error=2, The system cannot find the file specified
java.lang.RuntimeException: java.io.IOException: Cannot run program "mvn" (in directory "c:\Users\jweiser\Documents\dcc-portal\dcc-portal-server"): CreateProcess error=2, The system cannot find the file specified
	at org.javacs.JavaLanguageServer.buildClassPath(JavaLanguageServer.java:562)
	at org.javacs.JavaLanguageServer.readIfConfig(JavaLanguageServer.java:525)
	at org.javacs.JavaLanguageServer.doFindConfig(JavaLanguageServer.java:494)
	at org.javacs.JavaLanguageServer$$Lambda$55/134310351.apply(Unknown Source)
	at java.util.HashMap.computeIfAbsent(HashMap.java:1118)
	at org.javacs.JavaLanguageServer.findConfig(JavaLanguageServer.java:489)
	at org.javacs.JavaLanguageServer.findCompiler(JavaLanguageServer.java:454)
	at org.javacs.JavaLanguageServer$1.didClose(JavaLanguageServer.java:234)
	at io.typefox.lsapi.services.transport.server.LanguageServerEndpoint._doAccept(LanguageServerEndpoint.xtend:202)
	at io.typefox.lsapi.services.transport.server.LanguageServerEndpoint.doAccept(LanguageServerEndpoint.xtend:194)
	at io.typefox.lsapi.services.transport.server.LanguageServerEndpoint.accept(LanguageServerEndpoint.xtend:114)
	at io.typefox.lsapi.services.transport.server.LanguageServerEndpoint.accept(LanguageServerEndpoint.xtend)
	at io.typefox.lsapi.services.transport.AbstractLanguageEndpoint.handleMessage(LanguageEndpoint.xtend:67)
	at io.typefox.lsapi.services.transport.AbstractLanguageEndpoint.lambda$connect$4(LanguageEndpoint.xtend:61)
	at io.typefox.lsapi.services.transport.AbstractLanguageEndpoint$$Lambda$51/1597655940.accept(Unknown Source)
	at io.typefox.lsapi.services.json.StreamMessageReader$1.apply(StreamMessageReader.java:45)
	at io.typefox.lsapi.services.json.StreamMessageReader$1.apply(StreamMessageReader.java:43)
	at io.typefox.lsapi.services.json.StreamMessageReader.handleMessage(StreamMessageReader.xtend:128)
	at io.typefox.lsapi.services.json.StreamMessageReader.listen(StreamMessageReader.xtend:61)
	at io.typefox.lsapi.services.transport.AbstractLanguageEndpoint.connect(LanguageEndpoint.xtend:60)
	at org.javacs.Main.run(Main.java:150)
	at org.javacs.Main.main(Main.java:69)
Caused by: java.io.IOException: Cannot run program "mvn" (in directory "c:\Users\jweiser\Documents\dcc-portal\dcc-portal-server"): CreateProcess error=2, The system cannot find the file specified
	at java.lang.ProcessBuilder.start(ProcessBuilder.java:1048)
	at java.lang.Runtime.exec(Runtime.java:620)
	at java.lang.Runtime.exec(Runtime.java:450)
	at org.javacs.JavaLanguageServer.buildClassPath(JavaLanguageServer.java:555)
	... 21 more
Caused by: java.io.IOException: CreateProcess error=2, The system cannot find the file specified
	at java.lang.ProcessImpl.create(Native Method)
	at java.lang.ProcessImpl.<init>(ProcessImpl.java:386)
	at java.lang.ProcessImpl.start(ProcessImpl.java:137)
	at java.lang.ProcessBuilder.start(ProcessBuilder.java:1029)
	... 24 more

INFO	?	main	2016-09-15T17:01:01.726Z	org.javacs.JavaLanguageServer#doLint	Lint c:\Users\jweiser\Documents\dcc-portal\dcc-portal-server\src\main\java\org\icgc\dcc\portal\server\service\DrugService.java
INFO	?	main	2016-09-15T17:01:01.730Z	org.javacs.JavaLanguageServer#buildClassPath	Emit classpath to C:\Users\jweiser\AppData\Local\Temp\classpath4318688564235151226.txt
SEVERE	?	main	2016-09-15T17:01:01.739Z	org.javacs.Main$4#onError	java.io.IOException: Cannot run program "mvn" (in directory "c:\Users\jweiser\Documents\dcc-portal\dcc-portal-server"): CreateProcess error=2, The system cannot find the file specified
java.lang.RuntimeException: java.io.IOException: Cannot run program "mvn" (in directory "c:\Users\jweiser\Documents\dcc-portal\dcc-portal-server"): CreateProcess error=2, The system cannot find the file specified
	at org.javacs.JavaLanguageServer.buildClassPath(JavaLanguageServer.java:562)
	at org.javacs.JavaLanguageServer.readIfConfig(JavaLanguageServer.java:525)
	at org.javacs.JavaLanguageServer.doFindConfig(JavaLanguageServer.java:494)
	at org.javacs.JavaLanguageServer$$Lambda$55/134310351.apply(Unknown Source)
	at java.util.HashMap.computeIfAbsent(HashMap.java:1118)
	at org.javacs.JavaLanguageServer.findConfig(JavaLanguageServer.java:489)
	at org.javacs.JavaLanguageServer.findCompiler(JavaLanguageServer.java:454)
	at org.javacs.JavaLanguageServer.doLint(JavaLanguageServer.java:310)
	at org.javacs.JavaLanguageServer.access$400(JavaLanguageServer.java:31)
	at org.javacs.JavaLanguageServer$1.didOpen(JavaLanguageServer.java:200)
	at io.typefox.lsapi.services.transport.server.LanguageServerEndpoint._doAccept(LanguageServerEndpoint.xtend:198)
	at io.typefox.lsapi.services.transport.server.LanguageServerEndpoint.doAccept(LanguageServerEndpoint.xtend:194)
	at io.typefox.lsapi.services.transport.server.LanguageServerEndpoint.accept(LanguageServerEndpoint.xtend:114)
	at io.typefox.lsapi.services.transport.server.LanguageServerEndpoint.accept(LanguageServerEndpoint.xtend)
	at io.typefox.lsapi.services.transport.AbstractLanguageEndpoint.handleMessage(LanguageEndpoint.xtend:67)
	at io.typefox.lsapi.services.transport.AbstractLanguageEndpoint.lambda$connect$4(LanguageEndpoint.xtend:61)
	at io.typefox.lsapi.services.transport.AbstractLanguageEndpoint$$Lambda$51/1597655940.accept(Unknown Source)
	at io.typefox.lsapi.services.json.StreamMessageReader$1.apply(StreamMessageReader.java:45)
	at io.typefox.lsapi.services.json.StreamMessageReader$1.apply(StreamMessageReader.java:43)
	at io.typefox.lsapi.services.json.StreamMessageReader.handleMessage(StreamMessageReader.xtend:128)
	at io.typefox.lsapi.services.json.StreamMessageReader.listen(StreamMessageReader.xtend:61)
	at io.typefox.lsapi.services.transport.AbstractLanguageEndpoint.connect(LanguageEndpoint.xtend:60)
	at org.javacs.Main.run(Main.java:150)
	at org.javacs.Main.main(Main.java:69)
Caused by: java.io.IOException: Cannot run program "mvn" (in directory "c:\Users\jweiser\Documents\dcc-portal\dcc-portal-server"): CreateProcess error=2, The system cannot find the file specified
	at java.lang.ProcessBuilder.start(ProcessBuilder.java:1048)
	at java.lang.Runtime.exec(Runtime.java:620)
	at java.lang.Runtime.exec(Runtime.java:450)
	at org.javacs.JavaLanguageServer.buildClassPath(JavaLanguageServer.java:555)
	... 23 more
Caused by: java.io.IOException: CreateProcess error=2, The system cannot find the file specified
	at java.lang.ProcessImpl.create(Native Method)
	at java.lang.ProcessImpl.<init>(ProcessImpl.java:386)
	at java.lang.ProcessImpl.start(ProcessImpl.java:137)
	at java.lang.ProcessBuilder.start(ProcessBuilder.java:1029)
	... 26 more

INFO	?	main	2016-09-15T17:01:17.059Z	org.javacs.JavaLanguageServer#buildClassPath	Emit classpath to C:\Users\jweiser\AppData\Local\Temp\classpath4213954629556435327.txt
SEVERE	?	main	2016-09-15T17:01:17.060Z	org.javacs.Main$4#onError	java.io.IOException: Cannot run program "mvn" (in directory "c:\Users\jweiser\Documents\dcc-portal\dcc-portal-server"): CreateProcess error=2, The system cannot find the file specified
java.lang.RuntimeException: java.io.IOException: Cannot run program "mvn" (in directory "c:\Users\jweiser\Documents\dcc-portal\dcc-portal-server"): CreateProcess error=2, The system cannot find the file specified
	at org.javacs.JavaLanguageServer.buildClassPath(JavaLanguageServer.java:562)
	at org.javacs.JavaLanguageServer.readIfConfig(JavaLanguageServer.java:525)
	at org.javacs.JavaLanguageServer.doFindConfig(JavaLanguageServer.java:494)
	at org.javacs.JavaLanguageServer$$Lambda$55/134310351.apply(Unknown Source)
	at java.util.HashMap.computeIfAbsent(HashMap.java:1118)
	at org.javacs.JavaLanguageServer.findConfig(JavaLanguageServer.java:489)
	at org.javacs.JavaLanguageServer.findCompiler(JavaLanguageServer.java:454)
	at org.javacs.JavaLanguageServer.doHover(JavaLanguageServer.java:875)
	at org.javacs.JavaLanguageServer$1.hover(JavaLanguageServer.java:125)
	at io.typefox.lsapi.services.transport.server.LanguageServerEndpoint._doAccept(LanguageServerEndpoint.xtend:130)
	at io.typefox.lsapi.services.transport.server.LanguageServerEndpoint.doAccept(LanguageServerEndpoint.xtend:117)
	at io.typefox.lsapi.services.transport.server.LanguageServerEndpoint.accept(LanguageServerEndpoint.xtend:114)
	at io.typefox.lsapi.services.transport.server.LanguageServerEndpoint.accept(LanguageServerEndpoint.xtend)
	at io.typefox.lsapi.services.transport.AbstractLanguageEndpoint.handleMessage(LanguageEndpoint.xtend:67)
	at io.typefox.lsapi.services.transport.AbstractLanguageEndpoint.lambda$connect$4(LanguageEndpoint.xtend:61)
	at io.typefox.lsapi.services.transport.AbstractLanguageEndpoint$$Lambda$51/1597655940.accept(Unknown Source)
	at io.typefox.lsapi.services.json.StreamMessageReader$1.apply(StreamMessageReader.java:45)
	at io.typefox.lsapi.services.json.StreamMessageReader$1.apply(StreamMessageReader.java:43)
	at io.typefox.lsapi.services.json.StreamMessageReader.handleMessage(StreamMessageReader.xtend:128)
	at io.typefox.lsapi.services.json.StreamMessageReader.listen(StreamMessageReader.xtend:61)
	at io.typefox.lsapi.services.transport.AbstractLanguageEndpoint.connect(LanguageEndpoint.xtend:60)
	at org.javacs.Main.run(Main.java:150)
	at org.javacs.Main.main(Main.java:69)
Caused by: java.io.IOException: Cannot run program "mvn" (in directory "c:\Users\jweiser\Documents\dcc-portal\dcc-portal-server"): CreateProcess error=2, The system cannot find the file specified
	at java.lang.ProcessBuilder.start(ProcessBuilder.java:1048)
	at java.lang.Runtime.exec(Runtime.java:620)
	at java.lang.Runtime.exec(Runtime.java:450)
	at org.javacs.JavaLanguageServer.buildClassPath(JavaLanguageServer.java:555)
	... 22 more
Caused by: java.io.IOException: CreateProcess error=2, The system cannot find the file specified
	at java.lang.ProcessImpl.create(Native Method)
	at java.lang.ProcessImpl.<init>(ProcessImpl.java:386)
	at java.lang.ProcessImpl.start(ProcessImpl.java:137)
	at java.lang.ProcessBuilder.start(ProcessBuilder.java:1029)
	... 25 more

INFO	?	main	2016-09-15T17:01:22.334Z	org.javacs.JavaLanguageServer#buildClassPath	Emit classpath to C:\Users\jweiser\AppData\Local\Temp\classpath5092216502794540381.txt
SEVERE	?	main	2016-09-15T17:01:22.335Z	org.javacs.Main$4#onError	java.io.IOException: Cannot run program "mvn" (in directory "c:\Users\jweiser\Documents\dcc-portal\dcc-portal-server"): CreateProcess error=2, The system cannot find the file specified
java.lang.RuntimeException: java.io.IOException: Cannot run program "mvn" (in directory "c:\Users\jweiser\Documents\dcc-portal\dcc-portal-server"): CreateProcess error=2, The system cannot find the file specified
	at org.javacs.JavaLanguageServer.buildClassPath(JavaLanguageServer.java:562)
	at org.javacs.JavaLanguageServer.readIfConfig(JavaLanguageServer.java:525)
	at org.javacs.JavaLanguageServer.doFindConfig(JavaLanguageServer.java:494)
	at org.javacs.JavaLanguageServer$$Lambda$55/134310351.apply(Unknown Source)
	at java.util.HashMap.computeIfAbsent(HashMap.java:1118)
	at org.javacs.JavaLanguageServer.findConfig(JavaLanguageServer.java:489)
	at org.javacs.JavaLanguageServer.findCompiler(JavaLanguageServer.java:454)
	at org.javacs.JavaLanguageServer.doHover(JavaLanguageServer.java:875)
	at org.javacs.JavaLanguageServer$1.hover(JavaLanguageServer.java:125)
	at io.typefox.lsapi.services.transport.server.LanguageServerEndpoint._doAccept(LanguageServerEndpoint.xtend:130)
	at io.typefox.lsapi.services.transport.server.LanguageServerEndpoint.doAccept(LanguageServerEndpoint.xtend:117)
	at io.typefox.lsapi.services.transport.server.LanguageServerEndpoint.accept(LanguageServerEndpoint.xtend:114)
	at io.typefox.lsapi.services.transport.server.LanguageServerEndpoint.accept(LanguageServerEndpoint.xtend)
	at io.typefox.lsapi.services.transport.AbstractLanguageEndpoint.handleMessage(LanguageEndpoint.xtend:67)
	at io.typefox.lsapi.services.transport.AbstractLanguageEndpoint.lambda$connect$4(LanguageEndpoint.xtend:61)
	at io.typefox.lsapi.services.transport.AbstractLanguageEndpoint$$Lambda$51/1597655940.accept(Unknown Source)
	at io.typefox.lsapi.services.json.StreamMessageReader$1.apply(StreamMessageReader.java:45)
	at io.typefox.lsapi.services.json.StreamMessageReader$1.apply(StreamMessageReader.java:43)
	at io.typefox.lsapi.services.json.StreamMessageReader.handleMessage(StreamMessageReader.xtend:128)
	at io.typefox.lsapi.services.json.StreamMessageReader.listen(StreamMessageReader.xtend:61)
	at io.typefox.lsapi.services.transport.AbstractLanguageEndpoint.connect(LanguageEndpoint.xtend:60)
	at org.javacs.Main.run(Main.java:150)
	at org.javacs.Main.main(Main.java:69)
Caused by: java.io.IOException: Cannot run program "mvn" (in directory "c:\Users\jweiser\Documents\dcc-portal\dcc-portal-server"): CreateProcess error=2, The system cannot find the file specified
	at java.lang.ProcessBuilder.start(ProcessBuilder.java:1048)
	at java.lang.Runtime.exec(Runtime.java:620)
	at java.lang.Runtime.exec(Runtime.java:450)
	at org.javacs.JavaLanguageServer.buildClassPath(JavaLanguageServer.java:555)
	... 22 more
Caused by: java.io.IOException: CreateProcess error=2, The system cannot find the file specified
	at java.lang.ProcessImpl.create(Native Method)
	at java.lang.ProcessImpl.<init>(ProcessImpl.java:386)
	at java.lang.ProcessImpl.start(ProcessImpl.java:137)
	at java.lang.ProcessBuilder.start(ProcessBuilder.java:1029)
	... 25 more

INFO	?	main	2016-09-15T17:01:22.540Z	org.javacs.JavaLanguageServer#buildClassPath	Emit classpath to C:\Users\jweiser\AppData\Local\Temp\classpath5209380465444335311.txt
SEVERE	?	main	2016-09-15T17:01:22.541Z	org.javacs.Main$4#onError	java.io.IOException: Cannot run program "mvn" (in directory "c:\Users\jweiser\Documents\dcc-portal\dcc-portal-server"): CreateProcess error=2, The system cannot find the file specified
java.lang.RuntimeException: java.io.IOException: Cannot run program "mvn" (in directory "c:\Users\jweiser\Documents\dcc-portal\dcc-portal-server"): CreateProcess error=2, The system cannot find the file specified
	at org.javacs.JavaLanguageServer.buildClassPath(JavaLanguageServer.java:562)
	at org.javacs.JavaLanguageServer.readIfConfig(JavaLanguageServer.java:525)
	at org.javacs.JavaLanguageServer.doFindConfig(JavaLanguageServer.java:494)
	at org.javacs.JavaLanguageServer$$Lambda$55/134310351.apply(Unknown Source)
	at java.util.HashMap.computeIfAbsent(HashMap.java:1118)
	at org.javacs.JavaLanguageServer.findConfig(JavaLanguageServer.java:489)
	at org.javacs.JavaLanguageServer.findCompiler(JavaLanguageServer.java:454)
	at org.javacs.JavaLanguageServer.doHover(JavaLanguageServer.java:875)
	at org.javacs.JavaLanguageServer$1.hover(JavaLanguageServer.java:125)
	at io.typefox.lsapi.services.transport.server.LanguageServerEndpoint._doAccept(LanguageServerEndpoint.xtend:130)
	at io.typefox.lsapi.services.transport.server.LanguageServerEndpoint.doAccept(LanguageServerEndpoint.xtend:117)
	at io.typefox.lsapi.services.transport.server.LanguageServerEndpoint.accept(LanguageServerEndpoint.xtend:114)
	at io.typefox.lsapi.services.transport.server.LanguageServerEndpoint.accept(LanguageServerEndpoint.xtend)
	at io.typefox.lsapi.services.transport.AbstractLanguageEndpoint.handleMessage(LanguageEndpoint.xtend:67)
	at io.typefox.lsapi.services.transport.AbstractLanguageEndpoint.lambda$connect$4(LanguageEndpoint.xtend:61)
	at io.typefox.lsapi.services.transport.AbstractLanguageEndpoint$$Lambda$51/1597655940.accept(Unknown Source)
	at io.typefox.lsapi.services.json.StreamMessageReader$1.apply(StreamMessageReader.java:45)
	at io.typefox.lsapi.services.json.StreamMessageReader$1.apply(StreamMessageReader.java:43)
	at io.typefox.lsapi.services.json.StreamMessageReader.handleMessage(StreamMessageReader.xtend:128)
	at io.typefox.lsapi.services.json.StreamMessageReader.listen(StreamMessageReader.xtend:61)
	at io.typefox.lsapi.services.transport.AbstractLanguageEndpoint.connect(LanguageEndpoint.xtend:60)
	at org.javacs.Main.run(Main.java:150)
	at org.javacs.Main.main(Main.java:69)
Caused by: java.io.IOException: Cannot run program "mvn" (in directory "c:\Users\jweiser\Documents\dcc-portal\dcc-portal-server"): CreateProcess error=2, The system cannot find the file specified
	at java.lang.ProcessBuilder.start(ProcessBuilder.java:1048)
	at java.lang.Runtime.exec(Runtime.java:620)
	at java.lang.Runtime.exec(Runtime.java:450)
	at org.javacs.JavaLanguageServer.buildClassPath(JavaLanguageServer.java:555)
	... 22 more
Caused by: java.io.IOException: CreateProcess error=2, The system cannot find the file specified
	at java.lang.ProcessImpl.create(Native Method)
	at java.lang.ProcessImpl.<init>(ProcessImpl.java:386)
	at java.lang.ProcessImpl.start(ProcessImpl.java:137)
	at java.lang.ProcessBuilder.start(ProcessBuilder.java:1029)
	... 25 more

INFO	?	main	2016-09-15T17:01:34.499Z	org.javacs.JavaLanguageServer#buildClassPath	Emit classpath to C:\Users\jweiser\AppData\Local\Temp\classpath905445142064878285.txt
SEVERE	?	main	2016-09-15T17:01:34.514Z	org.javacs.Main$4#onError	java.io.IOException: Cannot run program "mvn" (in directory "c:\Users\jweiser\Documents\dcc-portal\dcc-portal-server"): CreateProcess error=2, The system cannot find the file specified
java.lang.RuntimeException: java.io.IOException: Cannot run program "mvn" (in directory "c:\Users\jweiser\Documents\dcc-portal\dcc-portal-server"): CreateProcess error=2, The system cannot find the file specified
	at org.javacs.JavaLanguageServer.buildClassPath(JavaLanguageServer.java:562)
	at org.javacs.JavaLanguageServer.readIfConfig(JavaLanguageServer.java:525)
	at org.javacs.JavaLanguageServer.doFindConfig(JavaLanguageServer.java:494)
	at org.javacs.JavaLanguageServer$$Lambda$55/134310351.apply(Unknown Source)
	at java.util.HashMap.computeIfAbsent(HashMap.java:1118)
	at org.javacs.JavaLanguageServer.findConfig(JavaLanguageServer.java:489)
	at org.javacs.JavaLanguageServer.findCompiler(JavaLanguageServer.java:454)
	at org.javacs.JavaLanguageServer$1.didClose(JavaLanguageServer.java:234)
	at io.typefox.lsapi.services.transport.server.LanguageServerEndpoint._doAccept(LanguageServerEndpoint.xtend:202)
	at io.typefox.lsapi.services.transport.server.LanguageServerEndpoint.doAccept(LanguageServerEndpoint.xtend:194)
	at io.typefox.lsapi.services.transport.server.LanguageServerEndpoint.accept(LanguageServerEndpoint.xtend:114)
	at io.typefox.lsapi.services.transport.server.LanguageServerEndpoint.accept(LanguageServerEndpoint.xtend)
	at io.typefox.lsapi.services.transport.AbstractLanguageEndpoint.handleMessage(LanguageEndpoint.xtend:67)
	at io.typefox.lsapi.services.transport.AbstractLanguageEndpoint.lambda$connect$4(LanguageEndpoint.xtend:61)
	at io.typefox.lsapi.services.transport.AbstractLanguageEndpoint$$Lambda$51/1597655940.accept(Unknown Source)
	at io.typefox.lsapi.services.json.StreamMessageReader$1.apply(StreamMessageReader.java:45)
	at io.typefox.lsapi.services.json.StreamMessageReader$1.apply(StreamMessageReader.java:43)
	at io.typefox.lsapi.services.json.StreamMessageReader.handleMessage(StreamMessageReader.xtend:128)
	at io.typefox.lsapi.services.json.StreamMessageReader.listen(StreamMessageReader.xtend:61)
	at io.typefox.lsapi.services.transport.AbstractLanguageEndpoint.connect(LanguageEndpoint.xtend:60)
	at org.javacs.Main.run(Main.java:150)
	at org.javacs.Main.main(Main.java:69)
Caused by: java.io.IOException: Cannot run program "mvn" (in directory "c:\Users\jweiser\Documents\dcc-portal\dcc-portal-server"): CreateProcess error=2, The system cannot find the file specified
	at java.lang.ProcessBuilder.start(ProcessBuilder.java:1048)
	at java.lang.Runtime.exec(Runtime.java:620)
	at java.lang.Runtime.exec(Runtime.java:450)
	at org.javacs.JavaLanguageServer.buildClassPath(JavaLanguageServer.java:555)
	... 21 more
Caused by: java.io.IOException: CreateProcess error=2, The system cannot find the file specified
	at java.lang.ProcessImpl.create(Native Method)
	at java.lang.ProcessImpl.<init>(ProcessImpl.java:386)
	at java.lang.ProcessImpl.start(ProcessImpl.java:137)
	at java.lang.ProcessBuilder.start(ProcessBuilder.java:1029)
	... 24 more

INFO	?	main	2016-09-15T17:01:40.241Z	org.javacs.JavaLanguageServer#doLint	Lint c:\Users\jweiser\Documents\dcc-portal\dcc-portal-server\src\main\java\org\icgc\dcc\portal\server\service\DrugService.java
INFO	?	main	2016-09-15T17:01:40.246Z	org.javacs.JavaLanguageServer#buildClassPath	Emit classpath to C:\Users\jweiser\AppData\Local\Temp\classpath2300542016634010208.txt
SEVERE	?	main	2016-09-15T17:01:40.250Z	org.javacs.Main$4#onError	java.io.IOException: Cannot run program "mvn" (in directory "c:\Users\jweiser\Documents\dcc-portal\dcc-portal-server"): CreateProcess error=2, The system cannot find the file specified
java.lang.RuntimeException: java.io.IOException: Cannot run program "mvn" (in directory "c:\Users\jweiser\Documents\dcc-portal\dcc-portal-server"): CreateProcess error=2, The system cannot find the file specified
	at org.javacs.JavaLanguageServer.buildClassPath(JavaLanguageServer.java:562)
	at org.javacs.JavaLanguageServer.readIfConfig(JavaLanguageServer.java:525)
	at org.javacs.JavaLanguageServer.doFindConfig(JavaLanguageServer.java:494)
	at org.javacs.JavaLanguageServer$$Lambda$55/134310351.apply(Unknown Source)
	at java.util.HashMap.computeIfAbsent(HashMap.java:1118)
	at org.javacs.JavaLanguageServer.findConfig(JavaLanguageServer.java:489)
	at org.javacs.JavaLanguageServer.findCompiler(JavaLanguageServer.java:454)
	at org.javacs.JavaLanguageServer.doLint(JavaLanguageServer.java:310)
	at org.javacs.JavaLanguageServer.access$400(JavaLanguageServer.java:31)
	at org.javacs.JavaLanguageServer$1.didOpen(JavaLanguageServer.java:200)
	at io.typefox.lsapi.services.transport.server.LanguageServerEndpoint._doAccept(LanguageServerEndpoint.xtend:198)
	at io.typefox.lsapi.services.transport.server.LanguageServerEndpoint.doAccept(LanguageServerEndpoint.xtend:194)
	at io.typefox.lsapi.services.transport.server.LanguageServerEndpoint.accept(LanguageServerEndpoint.xtend:114)
	at io.typefox.lsapi.services.transport.server.LanguageServerEndpoint.accept(LanguageServerEndpoint.xtend)
	at io.typefox.lsapi.services.transport.AbstractLanguageEndpoint.handleMessage(LanguageEndpoint.xtend:67)
	at io.typefox.lsapi.services.transport.AbstractLanguageEndpoint.lambda$connect$4(LanguageEndpoint.xtend:61)
	at io.typefox.lsapi.services.transport.AbstractLanguageEndpoint$$Lambda$51/1597655940.accept(Unknown Source)
	at io.typefox.lsapi.services.json.StreamMessageReader$1.apply(StreamMessageReader.java:45)
	at io.typefox.lsapi.services.json.StreamMessageReader$1.apply(StreamMessageReader.java:43)
	at io.typefox.lsapi.services.json.StreamMessageReader.handleMessage(StreamMessageReader.xtend:128)
	at io.typefox.lsapi.services.json.StreamMessageReader.listen(StreamMessageReader.xtend:61)
	at io.typefox.lsapi.services.transport.AbstractLanguageEndpoint.connect(LanguageEndpoint.xtend:60)
	at org.javacs.Main.run(Main.java:150)
	at org.javacs.Main.main(Main.java:69)
Caused by: java.io.IOException: Cannot run program "mvn" (in directory "c:\Users\jweiser\Documents\dcc-portal\dcc-portal-server"): CreateProcess error=2, The system cannot find the file specified
	at java.lang.ProcessBuilder.start(ProcessBuilder.java:1048)
	at java.lang.Runtime.exec(Runtime.java:620)
	at java.lang.Runtime.exec(Runtime.java:450)
	at org.javacs.JavaLanguageServer.buildClassPath(JavaLanguageServer.java:555)
	... 23 more
Caused by: java.io.IOException: CreateProcess error=2, The system cannot find the file specified
	at java.lang.ProcessImpl.create(Native Method)
	at java.lang.ProcessImpl.<init>(ProcessImpl.java:386)
	at java.lang.ProcessImpl.start(ProcessImpl.java:137)
	at java.lang.ProcessBuilder.start(ProcessBuilder.java:1029)
	... 26 more

INFO	?	main	2016-09-15T17:03:51.091Z	org.javacs.JavaLanguageServer#buildClassPath	Emit classpath to C:\Users\jweiser\AppData\Local\Temp\classpath3938292872865911381.txt
SEVERE	?	main	2016-09-15T17:03:51.122Z	org.javacs.Main$4#onError	java.io.IOException: Cannot run program "mvn" (in directory "c:\Users\jweiser\Documents\dcc-portal\dcc-portal-server"): CreateProcess error=2, The system cannot find the file specified
java.lang.RuntimeException: java.io.IOException: Cannot run program "mvn" (in directory "c:\Users\jweiser\Documents\dcc-portal\dcc-portal-server"): CreateProcess error=2, The system cannot find the file specified
	at org.javacs.JavaLanguageServer.buildClassPath(JavaLanguageServer.java:562)
	at org.javacs.JavaLanguageServer.readIfConfig(JavaLanguageServer.java:525)
	at org.javacs.JavaLanguageServer.doFindConfig(JavaLanguageServer.java:494)
	at org.javacs.JavaLanguageServer$$Lambda$55/134310351.apply(Unknown Source)
	at java.util.HashMap.computeIfAbsent(HashMap.java:1118)
	at org.javacs.JavaLanguageServer.findConfig(JavaLanguageServer.java:489)
	at org.javacs.JavaLanguageServer.findCompiler(JavaLanguageServer.java:454)
	at org.javacs.JavaLanguageServer$1.didClose(JavaLanguageServer.java:234)
	at io.typefox.lsapi.services.transport.server.LanguageServerEndpoint._doAccept(LanguageServerEndpoint.xtend:202)
	at io.typefox.lsapi.services.transport.server.LanguageServerEndpoint.doAccept(LanguageServerEndpoint.xtend:194)
	at io.typefox.lsapi.services.transport.server.LanguageServerEndpoint.accept(LanguageServerEndpoint.xtend:114)
	at io.typefox.lsapi.services.transport.server.LanguageServerEndpoint.accept(LanguageServerEndpoint.xtend)
	at io.typefox.lsapi.services.transport.AbstractLanguageEndpoint.handleMessage(LanguageEndpoint.xtend:67)
	at io.typefox.lsapi.services.transport.AbstractLanguageEndpoint.lambda$connect$4(LanguageEndpoint.xtend:61)
	at io.typefox.lsapi.services.transport.AbstractLanguageEndpoint$$Lambda$51/1597655940.accept(Unknown Source)
	at io.typefox.lsapi.services.json.StreamMessageReader$1.apply(StreamMessageReader.java:45)
	at io.typefox.lsapi.services.json.StreamMessageReader$1.apply(StreamMessageReader.java:43)
	at io.typefox.lsapi.services.json.StreamMessageReader.handleMessage(StreamMessageReader.xtend:128)
	at io.typefox.lsapi.services.json.StreamMessageReader.listen(StreamMessageReader.xtend:61)
	at io.typefox.lsapi.services.transport.AbstractLanguageEndpoint.connect(LanguageEndpoint.xtend:60)
	at org.javacs.Main.run(Main.java:150)
	at org.javacs.Main.main(Main.java:69)
Caused by: java.io.IOException: Cannot run program "mvn" (in directory "c:\Users\jweiser\Documents\dcc-portal\dcc-portal-server"): CreateProcess error=2, The system cannot find the file specified
	at java.lang.ProcessBuilder.start(ProcessBuilder.java:1048)
	at java.lang.Runtime.exec(Runtime.java:620)
	at java.lang.Runtime.exec(Runtime.java:450)
	at org.javacs.JavaLanguageServer.buildClassPath(JavaLanguageServer.java:555)
	... 21 more
Caused by: java.io.IOException: CreateProcess error=2, The system cannot find the file specified
	at java.lang.ProcessImpl.create(Native Method)
	at java.lang.ProcessImpl.<init>(ProcessImpl.java:386)
	at java.lang.ProcessImpl.start(ProcessImpl.java:137)
	at java.lang.ProcessBuilder.start(ProcessBuilder.java:1029)
	... 24 more

INFO	?	main	2016-09-15T17:03:56.170Z	org.javacs.JavaLanguageServer#doLint	Lint c:\Users\jweiser\Documents\dcc-portal\dcc-portal-server\src\main\java\org\icgc\dcc\portal\server\service\DrugService.java
INFO	?	main	2016-09-15T17:03:56.174Z	org.javacs.JavaLanguageServer#buildClassPath	Emit classpath to C:\Users\jweiser\AppData\Local\Temp\classpath212049513193268901.txt
SEVERE	?	main	2016-09-15T17:03:56.176Z	org.javacs.Main$4#onError	java.io.IOException: Cannot run program "mvn" (in directory "c:\Users\jweiser\Documents\dcc-portal\dcc-portal-server"): CreateProcess error=2, The system cannot find the file specified
java.lang.RuntimeException: java.io.IOException: Cannot run program "mvn" (in directory "c:\Users\jweiser\Documents\dcc-portal\dcc-portal-server"): CreateProcess error=2, The system cannot find the file specified
	at org.javacs.JavaLanguageServer.buildClassPath(JavaLanguageServer.java:562)
	at org.javacs.JavaLanguageServer.readIfConfig(JavaLanguageServer.java:525)
	at org.javacs.JavaLanguageServer.doFindConfig(JavaLanguageServer.java:494)
	at org.javacs.JavaLanguageServer$$Lambda$55/134310351.apply(Unknown Source)
	at java.util.HashMap.computeIfAbsent(HashMap.java:1118)
	at org.javacs.JavaLanguageServer.findConfig(JavaLanguageServer.java:489)
	at org.javacs.JavaLanguageServer.findCompiler(JavaLanguageServer.java:454)
	at org.javacs.JavaLanguageServer.doLint(JavaLanguageServer.java:310)
	at org.javacs.JavaLanguageServer.access$400(JavaLanguageServer.java:31)
	at org.javacs.JavaLanguageServer$1.didOpen(JavaLanguageServer.java:200)
	at io.typefox.lsapi.services.transport.server.LanguageServerEndpoint._doAccept(LanguageServerEndpoint.xtend:198)
	at io.typefox.lsapi.services.transport.server.LanguageServerEndpoint.doAccept(LanguageServerEndpoint.xtend:194)
	at io.typefox.lsapi.services.transport.server.LanguageServerEndpoint.accept(LanguageServerEndpoint.xtend:114)
	at io.typefox.lsapi.services.transport.server.LanguageServerEndpoint.accept(LanguageServerEndpoint.xtend)
	at io.typefox.lsapi.services.transport.AbstractLanguageEndpoint.handleMessage(LanguageEndpoint.xtend:67)
	at io.typefox.lsapi.services.transport.AbstractLanguageEndpoint.lambda$connect$4(LanguageEndpoint.xtend:61)
	at io.typefox.lsapi.services.transport.AbstractLanguageEndpoint$$Lambda$51/1597655940.accept(Unknown Source)
	at io.typefox.lsapi.services.json.StreamMessageReader$1.apply(StreamMessageReader.java:45)
	at io.typefox.lsapi.services.json.StreamMessageReader$1.apply(StreamMessageReader.java:43)
	at io.typefox.lsapi.services.json.StreamMessageReader.handleMessage(StreamMessageReader.xtend:128)
	at io.typefox.lsapi.services.json.StreamMessageReader.listen(StreamMessageReader.xtend:61)
	at io.typefox.lsapi.services.transport.AbstractLanguageEndpoint.connect(LanguageEndpoint.xtend:60)
	at org.javacs.Main.run(Main.java:150)
	at org.javacs.Main.main(Main.java:69)
Caused by: java.io.IOException: Cannot run program "mvn" (in directory "c:\Users\jweiser\Documents\dcc-portal\dcc-portal-server"): CreateProcess error=2, The system cannot find the file specified
	at java.lang.ProcessBuilder.start(ProcessBuilder.java:1048)
	at java.lang.Runtime.exec(Runtime.java:620)
	at java.lang.Runtime.exec(Runtime.java:450)
	at org.javacs.JavaLanguageServer.buildClassPath(JavaLanguageServer.java:555)
	... 23 more
Caused by: java.io.IOException: CreateProcess error=2, The system cannot find the file specified
	at java.lang.ProcessImpl.create(Native Method)
	at java.lang.ProcessImpl.<init>(ProcessImpl.java:386)
	at java.lang.ProcessImpl.start(ProcessImpl.java:137)
	at java.lang.ProcessBuilder.start(ProcessBuilder.java:1029)
	... 26 more

INFO	?	main	2016-09-15T17:04:06.994Z	org.javacs.JavaLanguageServer#buildClassPath	Emit classpath to C:\Users\jweiser\AppData\Local\Temp\classpath5694764009578710660.txt
SEVERE	?	main	2016-09-15T17:04:07.098Z	org.javacs.Main$4#onError	java.io.IOException: Cannot run program "mvn" (in directory "c:\Users\jweiser\Documents\dcc-portal\dcc-portal-server"): CreateProcess error=2, The system cannot find the file specified
java.lang.RuntimeException: java.io.IOException: Cannot run program "mvn" (in directory "c:\Users\jweiser\Documents\dcc-portal\dcc-portal-server"): CreateProcess error=2, The system cannot find the file specified
	at org.javacs.JavaLanguageServer.buildClassPath(JavaLanguageServer.java:562)
	at org.javacs.JavaLanguageServer.readIfConfig(JavaLanguageServer.java:525)
	at org.javacs.JavaLanguageServer.doFindConfig(JavaLanguageServer.java:494)
	at org.javacs.JavaLanguageServer$$Lambda$55/134310351.apply(Unknown Source)
	at java.util.HashMap.computeIfAbsent(HashMap.java:1118)
	at org.javacs.JavaLanguageServer.findConfig(JavaLanguageServer.java:489)
	at org.javacs.JavaLanguageServer.findCompiler(JavaLanguageServer.java:454)
	at org.javacs.JavaLanguageServer$1.didClose(JavaLanguageServer.java:234)
	at io.typefox.lsapi.services.transport.server.LanguageServerEndpoint._doAccept(LanguageServerEndpoint.xtend:202)
	at io.typefox.lsapi.services.transport.server.LanguageServerEndpoint.doAccept(LanguageServerEndpoint.xtend:194)
	at io.typefox.lsapi.services.transport.server.LanguageServerEndpoint.accept(LanguageServerEndpoint.xtend:114)
	at io.typefox.lsapi.services.transport.server.LanguageServerEndpoint.accept(LanguageServerEndpoint.xtend)
	at io.typefox.lsapi.services.transport.AbstractLanguageEndpoint.handleMessage(LanguageEndpoint.xtend:67)
	at io.typefox.lsapi.services.transport.AbstractLanguageEndpoint.lambda$connect$4(LanguageEndpoint.xtend:61)
	at io.typefox.lsapi.services.transport.AbstractLanguageEndpoint$$Lambda$51/1597655940.accept(Unknown Source)
	at io.typefox.lsapi.services.json.StreamMessageReader$1.apply(StreamMessageReader.java:45)
	at io.typefox.lsapi.services.json.StreamMessageReader$1.apply(StreamMessageReader.java:43)
	at io.typefox.lsapi.services.json.StreamMessageReader.handleMessage(StreamMessageReader.xtend:128)
	at io.typefox.lsapi.services.json.StreamMessageReader.listen(StreamMessageReader.xtend:61)
	at io.typefox.lsapi.services.transport.AbstractLanguageEndpoint.connect(LanguageEndpoint.xtend:60)
	at org.javacs.Main.run(Main.java:150)
	at org.javacs.Main.main(Main.java:69)
Caused by: java.io.IOException: Cannot run program "mvn" (in directory "c:\Users\jweiser\Documents\dcc-portal\dcc-portal-server"): CreateProcess error=2, The system cannot find the file specified
	at java.lang.ProcessBuilder.start(ProcessBuilder.java:1048)
	at java.lang.Runtime.exec(Runtime.java:620)
	at java.lang.Runtime.exec(Runtime.java:450)
	at org.javacs.JavaLanguageServer.buildClassPath(JavaLanguageServer.java:555)
	... 21 more
Caused by: java.io.IOException: CreateProcess error=2, The system cannot find the file specified
	at java.lang.ProcessImpl.create(Native Method)
	at java.lang.ProcessImpl.<init>(ProcessImpl.java:386)
	at java.lang.ProcessImpl.start(ProcessImpl.java:137)
	at java.lang.ProcessBuilder.start(ProcessBuilder.java:1029)
	... 24 more

INFO	?	main	2016-09-15T18:00:27.019Z	org.javacs.JavaLanguageServer#doLint	Lint c:\Users\jweiser\Documents\dcc-portal\dcc-portal-server\src\main\java\org\icgc\dcc\portal\server\pql\convert\AggregationToFacetConverter.java
INFO	?	main	2016-09-15T18:00:27.027Z	org.javacs.JavaLanguageServer#buildClassPath	Emit classpath to C:\Users\jweiser\AppData\Local\Temp\classpath8250570211077011253.txt
SEVERE	?	main	2016-09-15T18:00:27.032Z	org.javacs.Main$4#onError	java.io.IOException: Cannot run program "mvn" (in directory "c:\Users\jweiser\Documents\dcc-portal\dcc-portal-server"): CreateProcess error=2, The system cannot find the file specified
java.lang.RuntimeException: java.io.IOException: Cannot run program "mvn" (in directory "c:\Users\jweiser\Documents\dcc-portal\dcc-portal-server"): CreateProcess error=2, The system cannot find the file specified
	at org.javacs.JavaLanguageServer.buildClassPath(JavaLanguageServer.java:562)
	at org.javacs.JavaLanguageServer.readIfConfig(JavaLanguageServer.java:525)
	at org.javacs.JavaLanguageServer.doFindConfig(JavaLanguageServer.java:494)
	at org.javacs.JavaLanguageServer$$Lambda$55/134310351.apply(Unknown Source)
	at java.util.HashMap.computeIfAbsent(HashMap.java:1118)
	at org.javacs.JavaLanguageServer.findConfig(JavaLanguageServer.java:489)
	at org.javacs.JavaLanguageServer.findCompiler(JavaLanguageServer.java:454)
	at org.javacs.JavaLanguageServer.doLint(JavaLanguageServer.java:310)
	at org.javacs.JavaLanguageServer.access$400(JavaLanguageServer.java:31)
	at org.javacs.JavaLanguageServer$1.didOpen(JavaLanguageServer.java:200)
	at io.typefox.lsapi.services.transport.server.LanguageServerEndpoint._doAccept(LanguageServerEndpoint.xtend:198)
	at io.typefox.lsapi.services.transport.server.LanguageServerEndpoint.doAccept(LanguageServerEndpoint.xtend:194)
	at io.typefox.lsapi.services.transport.server.LanguageServerEndpoint.accept(LanguageServerEndpoint.xtend:114)
	at io.typefox.lsapi.services.transport.server.LanguageServerEndpoint.accept(LanguageServerEndpoint.xtend)
	at io.typefox.lsapi.services.transport.AbstractLanguageEndpoint.handleMessage(LanguageEndpoint.xtend:67)
	at io.typefox.lsapi.services.transport.AbstractLanguageEndpoint.lambda$connect$4(LanguageEndpoint.xtend:61)
	at io.typefox.lsapi.services.transport.AbstractLanguageEndpoint$$Lambda$51/1597655940.accept(Unknown Source)
	at io.typefox.lsapi.services.json.StreamMessageReader$1.apply(StreamMessageReader.java:45)
	at io.typefox.lsapi.services.json.StreamMessageReader$1.apply(StreamMessageReader.java:43)
	at io.typefox.lsapi.services.json.StreamMessageReader.handleMessage(StreamMessageReader.xtend:128)
	at io.typefox.lsapi.services.json.StreamMessageReader.listen(StreamMessageReader.xtend:61)
	at io.typefox.lsapi.services.transport.AbstractLanguageEndpoint.connect(LanguageEndpoint.xtend:60)
	at org.javacs.Main.run(Main.java:150)
	at org.javacs.Main.main(Main.java:69)
Caused by: java.io.IOException: Cannot run program "mvn" (in directory "c:\Users\jweiser\Documents\dcc-portal\dcc-portal-server"): CreateProcess error=2, The system cannot find the file specified
	at java.lang.ProcessBuilder.start(ProcessBuilder.java:1048)
	at java.lang.Runtime.exec(Runtime.java:620)
	at java.lang.Runtime.exec(Runtime.java:450)
	at org.javacs.JavaLanguageServer.buildClassPath(JavaLanguageServer.java:555)
	... 23 more
Caused by: java.io.IOException: CreateProcess error=2, The system cannot find the file specified
	at java.lang.ProcessImpl.create(Native Method)
	at java.lang.ProcessImpl.<init>(ProcessImpl.java:386)
	at java.lang.ProcessImpl.start(ProcessImpl.java:137)
	at java.lang.ProcessBuilder.start(ProcessBuilder.java:1029)
	... 26 more

INFO	?	main	2016-09-15T18:00:28.225Z	org.javacs.JavaLanguageServer#buildClassPath	Emit classpath to C:\Users\jweiser\AppData\Local\Temp\classpath7118216404048831910.txt
SEVERE	?	main	2016-09-15T18:00:28.227Z	org.javacs.Main$4#onError	java.io.IOException: Cannot run program "mvn" (in directory "c:\Users\jweiser\Documents\dcc-portal\dcc-portal-server"): CreateProcess error=2, The system cannot find the file specified
java.lang.RuntimeException: java.io.IOException: Cannot run program "mvn" (in directory "c:\Users\jweiser\Documents\dcc-portal\dcc-portal-server"): CreateProcess error=2, The system cannot find the file specified
	at org.javacs.JavaLanguageServer.buildClassPath(JavaLanguageServer.java:562)
	at org.javacs.JavaLanguageServer.readIfConfig(JavaLanguageServer.java:525)
	at org.javacs.JavaLanguageServer.doFindConfig(JavaLanguageServer.java:494)
	at org.javacs.JavaLanguageServer$$Lambda$55/134310351.apply(Unknown Source)
	at java.util.HashMap.computeIfAbsent(HashMap.java:1118)
	at org.javacs.JavaLanguageServer.findConfig(JavaLanguageServer.java:489)
	at org.javacs.JavaLanguageServer.findCompiler(JavaLanguageServer.java:454)
	at org.javacs.JavaLanguageServer.doHover(JavaLanguageServer.java:875)
	at org.javacs.JavaLanguageServer$1.hover(JavaLanguageServer.java:125)
	at io.typefox.lsapi.services.transport.server.LanguageServerEndpoint._doAccept(LanguageServerEndpoint.xtend:130)
	at io.typefox.lsapi.services.transport.server.LanguageServerEndpoint.doAccept(LanguageServerEndpoint.xtend:117)
	at io.typefox.lsapi.services.transport.server.LanguageServerEndpoint.accept(LanguageServerEndpoint.xtend:114)
	at io.typefox.lsapi.services.transport.server.LanguageServerEndpoint.accept(LanguageServerEndpoint.xtend)
	at io.typefox.lsapi.services.transport.AbstractLanguageEndpoint.handleMessage(LanguageEndpoint.xtend:67)
	at io.typefox.lsapi.services.transport.AbstractLanguageEndpoint.lambda$connect$4(LanguageEndpoint.xtend:61)
	at io.typefox.lsapi.services.transport.AbstractLanguageEndpoint$$Lambda$51/1597655940.accept(Unknown Source)
	at io.typefox.lsapi.services.json.StreamMessageReader$1.apply(StreamMessageReader.java:45)
	at io.typefox.lsapi.services.json.StreamMessageReader$1.apply(StreamMessageReader.java:43)
	at io.typefox.lsapi.services.json.StreamMessageReader.handleMessage(StreamMessageReader.xtend:128)
	at io.typefox.lsapi.services.json.StreamMessageReader.listen(StreamMessageReader.xtend:61)
	at io.typefox.lsapi.services.transport.AbstractLanguageEndpoint.connect(LanguageEndpoint.xtend:60)
	at org.javacs.Main.run(Main.java:150)
	at org.javacs.Main.main(Main.java:69)
Caused by: java.io.IOException: Cannot run program "mvn" (in directory "c:\Users\jweiser\Documents\dcc-portal\dcc-portal-server"): CreateProcess error=2, The system cannot find the file specified
	at java.lang.ProcessBuilder.start(ProcessBuilder.java:1048)
	at java.lang.Runtime.exec(Runtime.java:620)
	at java.lang.Runtime.exec(Runtime.java:450)
	at org.javacs.JavaLanguageServer.buildClassPath(JavaLanguageServer.java:555)
	... 22 more
Caused by: java.io.IOException: CreateProcess error=2, The system cannot find the file specified
	at java.lang.ProcessImpl.create(Native Method)
	at java.lang.ProcessImpl.<init>(ProcessImpl.java:386)
	at java.lang.ProcessImpl.start(ProcessImpl.java:137)
	at java.lang.ProcessBuilder.start(ProcessBuilder.java:1029)
	... 25 more

INFO	?	main	2016-09-15T18:00:28.522Z	org.javacs.JavaLanguageServer#buildClassPath	Emit classpath to C:\Users\jweiser\AppData\Local\Temp\classpath3823567170431241572.txt
SEVERE	?	main	2016-09-15T18:00:28.524Z	org.javacs.Main$4#onError	java.io.IOException: Cannot run program "mvn" (in directory "c:\Users\jweiser\Documents\dcc-portal\dcc-portal-server"): CreateProcess error=2, The system cannot find the file specified
java.lang.RuntimeException: java.io.IOException: Cannot run program "mvn" (in directory "c:\Users\jweiser\Documents\dcc-portal\dcc-portal-server"): CreateProcess error=2, The system cannot find the file specified
	at org.javacs.JavaLanguageServer.buildClassPath(JavaLanguageServer.java:562)
	at org.javacs.JavaLanguageServer.readIfConfig(JavaLanguageServer.java:525)
	at org.javacs.JavaLanguageServer.doFindConfig(JavaLanguageServer.java:494)
	at org.javacs.JavaLanguageServer$$Lambda$55/134310351.apply(Unknown Source)
	at java.util.HashMap.computeIfAbsent(HashMap.java:1118)
	at org.javacs.JavaLanguageServer.findConfig(JavaLanguageServer.java:489)
	at org.javacs.JavaLanguageServer.findCompiler(JavaLanguageServer.java:454)
	at org.javacs.JavaLanguageServer.doHover(JavaLanguageServer.java:875)
	at org.javacs.JavaLanguageServer$1.hover(JavaLanguageServer.java:125)
	at io.typefox.lsapi.services.transport.server.LanguageServerEndpoint._doAccept(LanguageServerEndpoint.xtend:130)
	at io.typefox.lsapi.services.transport.server.LanguageServerEndpoint.doAccept(LanguageServerEndpoint.xtend:117)
	at io.typefox.lsapi.services.transport.server.LanguageServerEndpoint.accept(LanguageServerEndpoint.xtend:114)
	at io.typefox.lsapi.services.transport.server.LanguageServerEndpoint.accept(LanguageServerEndpoint.xtend)
	at io.typefox.lsapi.services.transport.AbstractLanguageEndpoint.handleMessage(LanguageEndpoint.xtend:67)
	at io.typefox.lsapi.services.transport.AbstractLanguageEndpoint.lambda$connect$4(LanguageEndpoint.xtend:61)
	at io.typefox.lsapi.services.transport.AbstractLanguageEndpoint$$Lambda$51/1597655940.accept(Unknown Source)
	at io.typefox.lsapi.services.json.StreamMessageReader$1.apply(StreamMessageReader.java:45)
	at io.typefox.lsapi.services.json.StreamMessageReader$1.apply(StreamMessageReader.java:43)
	at io.typefox.lsapi.services.json.StreamMessageReader.handleMessage(StreamMessageReader.xtend:128)
	at io.typefox.lsapi.services.json.StreamMessageReader.listen(StreamMessageReader.xtend:61)
	at io.typefox.lsapi.services.transport.AbstractLanguageEndpoint.connect(LanguageEndpoint.xtend:60)
	at org.javacs.Main.run(Main.java:150)
	at org.javacs.Main.main(Main.java:69)
Caused by: java.io.IOException: Cannot run program "mvn" (in directory "c:\Users\jweiser\Documents\dcc-portal\dcc-portal-server"): CreateProcess error=2, The system cannot find the file specified
	at java.lang.ProcessBuilder.start(ProcessBuilder.java:1048)
	at java.lang.Runtime.exec(Runtime.java:620)
	at java.lang.Runtime.exec(Runtime.java:450)
	at org.javacs.JavaLanguageServer.buildClassPath(JavaLanguageServer.java:555)
	... 22 more
Caused by: java.io.IOException: CreateProcess error=2, The system cannot find the file specified
	at java.lang.ProcessImpl.create(Native Method)
	at java.lang.ProcessImpl.<init>(ProcessImpl.java:386)
	at java.lang.ProcessImpl.start(ProcessImpl.java:137)
	at java.lang.ProcessBuilder.start(ProcessBuilder.java:1029)
	... 25 more

INFO	?	main	2016-09-15T18:00:33.416Z	org.javacs.JavaLanguageServer#buildClassPath	Emit classpath to C:\Users\jweiser\AppData\Local\Temp\classpath6189767188162709434.txt
SEVERE	?	main	2016-09-15T18:00:33.418Z	org.javacs.Main$4#onError	java.io.IOException: Cannot run program "mvn" (in directory "c:\Users\jweiser\Documents\dcc-portal\dcc-portal-server"): CreateProcess error=2, The system cannot find the file specified
java.lang.RuntimeException: java.io.IOException: Cannot run program "mvn" (in directory "c:\Users\jweiser\Documents\dcc-portal\dcc-portal-server"): CreateProcess error=2, The system cannot find the file specified
	at org.javacs.JavaLanguageServer.buildClassPath(JavaLanguageServer.java:562)
	at org.javacs.JavaLanguageServer.readIfConfig(JavaLanguageServer.java:525)
	at org.javacs.JavaLanguageServer.doFindConfig(JavaLanguageServer.java:494)
	at org.javacs.JavaLanguageServer$$Lambda$55/134310351.apply(Unknown Source)
	at java.util.HashMap.computeIfAbsent(HashMap.java:1118)
	at org.javacs.JavaLanguageServer.findConfig(JavaLanguageServer.java:489)
	at org.javacs.JavaLanguageServer.findCompiler(JavaLanguageServer.java:454)
	at org.javacs.JavaLanguageServer.doHover(JavaLanguageServer.java:875)
	at org.javacs.JavaLanguageServer$1.hover(JavaLanguageServer.java:125)
	at io.typefox.lsapi.services.transport.server.LanguageServerEndpoint._doAccept(LanguageServerEndpoint.xtend:130)
	at io.typefox.lsapi.services.transport.server.LanguageServerEndpoint.doAccept(LanguageServerEndpoint.xtend:117)
	at io.typefox.lsapi.services.transport.server.LanguageServerEndpoint.accept(LanguageServerEndpoint.xtend:114)
	at io.typefox.lsapi.services.transport.server.LanguageServerEndpoint.accept(LanguageServerEndpoint.xtend)
	at io.typefox.lsapi.services.transport.AbstractLanguageEndpoint.handleMessage(LanguageEndpoint.xtend:67)
	at io.typefox.lsapi.services.transport.AbstractLanguageEndpoint.lambda$connect$4(LanguageEndpoint.xtend:61)
	at io.typefox.lsapi.services.transport.AbstractLanguageEndpoint$$Lambda$51/1597655940.accept(Unknown Source)
	at io.typefox.lsapi.services.json.StreamMessageReader$1.apply(StreamMessageReader.java:45)
	at io.typefox.lsapi.services.json.StreamMessageReader$1.apply(StreamMessageReader.java:43)
	at io.typefox.lsapi.services.json.StreamMessageReader.handleMessage(StreamMessageReader.xtend:128)
	at io.typefox.lsapi.services.json.StreamMessageReader.listen(StreamMessageReader.xtend:61)
	at io.typefox.lsapi.services.transport.AbstractLanguageEndpoint.connect(LanguageEndpoint.xtend:60)
	at org.javacs.Main.run(Main.java:150)
	at org.javacs.Main.main(Main.java:69)
Caused by: java.io.IOException: Cannot run program "mvn" (in directory "c:\Users\jweiser\Documents\dcc-portal\dcc-portal-server"): CreateProcess error=2, The system cannot find the file specified
	at java.lang.ProcessBuilder.start(ProcessBuilder.java:1048)
	at java.lang.Runtime.exec(Runtime.java:620)
	at java.lang.Runtime.exec(Runtime.java:450)
	at org.javacs.JavaLanguageServer.buildClassPath(JavaLanguageServer.java:555)
	... 22 more
Caused by: java.io.IOException: CreateProcess error=2, The system cannot find the file specified
	at java.lang.ProcessImpl.create(Native Method)
	at java.lang.ProcessImpl.<init>(ProcessImpl.java:386)
	at java.lang.ProcessImpl.start(ProcessImpl.java:137)
	at java.lang.ProcessBuilder.start(ProcessBuilder.java:1029)
	... 25 more

INFO	?	main	2016-09-15T18:00:33.788Z	org.javacs.JavaLanguageServer#buildClassPath	Emit classpath to C:\Users\jweiser\AppData\Local\Temp\classpath5931150769310627412.txt
SEVERE	?	main	2016-09-15T18:00:33.789Z	org.javacs.Main$4#onError	java.io.IOException: Cannot run program "mvn" (in directory "c:\Users\jweiser\Documents\dcc-portal\dcc-portal-server"): CreateProcess error=2, The system cannot find the file specified
java.lang.RuntimeException: java.io.IOException: Cannot run program "mvn" (in directory "c:\Users\jweiser\Documents\dcc-portal\dcc-portal-server"): CreateProcess error=2, The system cannot find the file specified
	at org.javacs.JavaLanguageServer.buildClassPath(JavaLanguageServer.java:562)
	at org.javacs.JavaLanguageServer.readIfConfig(JavaLanguageServer.java:525)
	at org.javacs.JavaLanguageServer.doFindConfig(JavaLanguageServer.java:494)
	at org.javacs.JavaLanguageServer$$Lambda$55/134310351.apply(Unknown Source)
	at java.util.HashMap.computeIfAbsent(HashMap.java:1118)
	at org.javacs.JavaLanguageServer.findConfig(JavaLanguageServer.java:489)
	at org.javacs.JavaLanguageServer.findCompiler(JavaLanguageServer.java:454)
	at org.javacs.JavaLanguageServer.doHover(JavaLanguageServer.java:875)
	at org.javacs.JavaLanguageServer$1.hover(JavaLanguageServer.java:125)
	at io.typefox.lsapi.services.transport.server.LanguageServerEndpoint._doAccept(LanguageServerEndpoint.xtend:130)
	at io.typefox.lsapi.services.transport.server.LanguageServerEndpoint.doAccept(LanguageServerEndpoint.xtend:117)
	at io.typefox.lsapi.services.transport.server.LanguageServerEndpoint.accept(LanguageServerEndpoint.xtend:114)
	at io.typefox.lsapi.services.transport.server.LanguageServerEndpoint.accept(LanguageServerEndpoint.xtend)
	at io.typefox.lsapi.services.transport.AbstractLanguageEndpoint.handleMessage(LanguageEndpoint.xtend:67)
	at io.typefox.lsapi.services.transport.AbstractLanguageEndpoint.lambda$connect$4(LanguageEndpoint.xtend:61)
	at io.typefox.lsapi.services.transport.AbstractLanguageEndpoint$$Lambda$51/1597655940.accept(Unknown Source)
	at io.typefox.lsapi.services.json.StreamMessageReader$1.apply(StreamMessageReader.java:45)
	at io.typefox.lsapi.services.json.StreamMessageReader$1.apply(StreamMessageReader.java:43)
	at io.typefox.lsapi.services.json.StreamMessageReader.handleMessage(StreamMessageReader.xtend:128)
	at io.typefox.lsapi.services.json.StreamMessageReader.listen(StreamMessageReader.xtend:61)
	at io.typefox.lsapi.services.transport.AbstractLanguageEndpoint.connect(LanguageEndpoint.xtend:60)
	at org.javacs.Main.run(Main.java:150)
	at org.javacs.Main.main(Main.java:69)
Caused by: java.io.IOException: Cannot run program "mvn" (in directory "c:\Users\jweiser\Documents\dcc-portal\dcc-portal-server"): CreateProcess error=2, The system cannot find the file specified
	at java.lang.ProcessBuilder.start(ProcessBuilder.java:1048)
	at java.lang.Runtime.exec(Runtime.java:620)
	at java.lang.Runtime.exec(Runtime.java:450)
	at org.javacs.JavaLanguageServer.buildClassPath(JavaLanguageServer.java:555)
	... 22 more
Caused by: java.io.IOException: CreateProcess error=2, The system cannot find the file specified
	at java.lang.ProcessImpl.create(Native Method)
	at java.lang.ProcessImpl.<init>(ProcessImpl.java:386)
	at java.lang.ProcessImpl.start(ProcessImpl.java:137)
	at java.lang.ProcessBuilder.start(ProcessBuilder.java:1029)
	... 25 more

INFO	?	main	2016-09-15T18:00:38.217Z	org.javacs.JavaLanguageServer#buildClassPath	Emit classpath to C:\Users\jweiser\AppData\Local\Temp\classpath7552459918065180332.txt
SEVERE	?	main	2016-09-15T18:00:38.220Z	org.javacs.Main$4#onError	java.io.IOException: Cannot run program "mvn" (in directory "c:\Users\jweiser\Documents\dcc-portal\dcc-portal-server"): CreateProcess error=2, The system cannot find the file specified
java.lang.RuntimeException: java.io.IOException: Cannot run program "mvn" (in directory "c:\Users\jweiser\Documents\dcc-portal\dcc-portal-server"): CreateProcess error=2, The system cannot find the file specified
	at org.javacs.JavaLanguageServer.buildClassPath(JavaLanguageServer.java:562)
	at org.javacs.JavaLanguageServer.readIfConfig(JavaLanguageServer.java:525)
	at org.javacs.JavaLanguageServer.doFindConfig(JavaLanguageServer.java:494)
	at org.javacs.JavaLanguageServer$$Lambda$55/134310351.apply(Unknown Source)
	at java.util.HashMap.computeIfAbsent(HashMap.java:1118)
	at org.javacs.JavaLanguageServer.findConfig(JavaLanguageServer.java:489)
	at org.javacs.JavaLanguageServer.findCompiler(JavaLanguageServer.java:454)
	at org.javacs.JavaLanguageServer.doHover(JavaLanguageServer.java:875)
	at org.javacs.JavaLanguageServer$1.hover(JavaLanguageServer.java:125)
	at io.typefox.lsapi.services.transport.server.LanguageServerEndpoint._doAccept(LanguageServerEndpoint.xtend:130)
	at io.typefox.lsapi.services.transport.server.LanguageServerEndpoint.doAccept(LanguageServerEndpoint.xtend:117)
	at io.typefox.lsapi.services.transport.server.LanguageServerEndpoint.accept(LanguageServerEndpoint.xtend:114)
	at io.typefox.lsapi.services.transport.server.LanguageServerEndpoint.accept(LanguageServerEndpoint.xtend)
	at io.typefox.lsapi.services.transport.AbstractLanguageEndpoint.handleMessage(LanguageEndpoint.xtend:67)
	at io.typefox.lsapi.services.transport.AbstractLanguageEndpoint.lambda$connect$4(LanguageEndpoint.xtend:61)
	at io.typefox.lsapi.services.transport.AbstractLanguageEndpoint$$Lambda$51/1597655940.accept(Unknown Source)
	at io.typefox.lsapi.services.json.StreamMessageReader$1.apply(StreamMessageReader.java:45)
	at io.typefox.lsapi.services.json.StreamMessageReader$1.apply(StreamMessageReader.java:43)
	at io.typefox.lsapi.services.json.StreamMessageReader.handleMessage(StreamMessageReader.xtend:128)
	at io.typefox.lsapi.services.json.StreamMessageReader.listen(StreamMessageReader.xtend:61)
	at io.typefox.lsapi.services.transport.AbstractLanguageEndpoint.connect(LanguageEndpoint.xtend:60)
	at org.javacs.Main.run(Main.java:150)
	at org.javacs.Main.main(Main.java:69)
Caused by: java.io.IOException: Cannot run program "mvn" (in directory "c:\Users\jweiser\Documents\dcc-portal\dcc-portal-server"): CreateProcess error=2, The system cannot find the file specified
	at java.lang.ProcessBuilder.start(ProcessBuilder.java:1048)
	at java.lang.Runtime.exec(Runtime.java:620)
	at java.lang.Runtime.exec(Runtime.java:450)
	at org.javacs.JavaLanguageServer.buildClassPath(JavaLanguageServer.java:555)
	... 22 more
Caused by: java.io.IOException: CreateProcess error=2, The system cannot find the file specified
	at java.lang.ProcessImpl.create(Native Method)
	at java.lang.ProcessImpl.<init>(ProcessImpl.java:386)
	at java.lang.ProcessImpl.start(ProcessImpl.java:137)
	at java.lang.ProcessBuilder.start(ProcessBuilder.java:1029)
	... 25 more

INFO	?	main	2016-09-15T18:01:28.614Z	org.javacs.JavaLanguageServer#doLint	Lint c:\Users\jweiser\Documents\dcc-portal\dcc-portal-server\src\main\java\org\icgc\dcc\portal\server\pql\convert\AggregationToFacetConverter.java
INFO	?	main	2016-09-15T18:01:28.622Z	org.javacs.JavaLanguageServer#buildClassPath	Emit classpath to C:\Users\jweiser\AppData\Local\Temp\classpath8096148396854085356.txt
SEVERE	?	main	2016-09-15T18:01:28.626Z	org.javacs.Main$4#onError	java.io.IOException: Cannot run program "mvn" (in directory "c:\Users\jweiser\Documents\dcc-portal\dcc-portal-server"): CreateProcess error=2, The system cannot find the file specified
java.lang.RuntimeException: java.io.IOException: Cannot run program "mvn" (in directory "c:\Users\jweiser\Documents\dcc-portal\dcc-portal-server"): CreateProcess error=2, The system cannot find the file specified
	at org.javacs.JavaLanguageServer.buildClassPath(JavaLanguageServer.java:562)
	at org.javacs.JavaLanguageServer.readIfConfig(JavaLanguageServer.java:525)
	at org.javacs.JavaLanguageServer.doFindConfig(JavaLanguageServer.java:494)
	at org.javacs.JavaLanguageServer$$Lambda$55/134310351.apply(Unknown Source)
	at java.util.HashMap.computeIfAbsent(HashMap.java:1118)
	at org.javacs.JavaLanguageServer.findConfig(JavaLanguageServer.java:489)
	at org.javacs.JavaLanguageServer.findCompiler(JavaLanguageServer.java:454)
	at org.javacs.JavaLanguageServer.doLint(JavaLanguageServer.java:310)
	at org.javacs.JavaLanguageServer.access$400(JavaLanguageServer.java:31)
	at org.javacs.JavaLanguageServer$1.didSave(JavaLanguageServer.java:250)
	at io.typefox.lsapi.services.transport.server.LanguageServerEndpoint._doAccept(LanguageServerEndpoint.xtend:204)
	at io.typefox.lsapi.services.transport.server.LanguageServerEndpoint.doAccept(LanguageServerEndpoint.xtend:194)
	at io.typefox.lsapi.services.transport.server.LanguageServerEndpoint.accept(LanguageServerEndpoint.xtend:114)
	at io.typefox.lsapi.services.transport.server.LanguageServerEndpoint.accept(LanguageServerEndpoint.xtend)
	at io.typefox.lsapi.services.transport.AbstractLanguageEndpoint.handleMessage(LanguageEndpoint.xtend:67)
	at io.typefox.lsapi.services.transport.AbstractLanguageEndpoint.lambda$connect$4(LanguageEndpoint.xtend:61)
	at io.typefox.lsapi.services.transport.AbstractLanguageEndpoint$$Lambda$51/1597655940.accept(Unknown Source)
	at io.typefox.lsapi.services.json.StreamMessageReader$1.apply(StreamMessageReader.java:45)
	at io.typefox.lsapi.services.json.StreamMessageReader$1.apply(StreamMessageReader.java:43)
	at io.typefox.lsapi.services.json.StreamMessageReader.handleMessage(StreamMessageReader.xtend:128)
	at io.typefox.lsapi.services.json.StreamMessageReader.listen(StreamMessageReader.xtend:61)
	at io.typefox.lsapi.services.transport.AbstractLanguageEndpoint.connect(LanguageEndpoint.xtend:60)
	at org.javacs.Main.run(Main.java:150)
	at org.javacs.Main.main(Main.java:69)
Caused by: java.io.IOException: Cannot run program "mvn" (in directory "c:\Users\jweiser\Documents\dcc-portal\dcc-portal-server"): CreateProcess error=2, The system cannot find the file specified
	at java.lang.ProcessBuilder.start(ProcessBuilder.java:1048)
	at java.lang.Runtime.exec(Runtime.java:620)
	at java.lang.Runtime.exec(Runtime.java:450)
	at org.javacs.JavaLanguageServer.buildClassPath(JavaLanguageServer.java:555)
	... 23 more
Caused by: java.io.IOException: CreateProcess error=2, The system cannot find the file specified
	at java.lang.ProcessImpl.create(Native Method)
	at java.lang.ProcessImpl.<init>(ProcessImpl.java:386)
	at java.lang.ProcessImpl.start(ProcessImpl.java:137)
	at java.lang.ProcessBuilder.start(ProcessBuilder.java:1029)
	... 26 more

INFO	?	main	2016-09-15T18:01:33.711Z	org.javacs.JavaLanguageServer#buildClassPath	Emit classpath to C:\Users\jweiser\AppData\Local\Temp\classpath1350393613548959145.txt
SEVERE	?	main	2016-09-15T18:01:33.713Z	org.javacs.Main$4#onError	java.io.IOException: Cannot run program "mvn" (in directory "c:\Users\jweiser\Documents\dcc-portal\dcc-portal-server"): CreateProcess error=2, The system cannot find the file specified
java.lang.RuntimeException: java.io.IOException: Cannot run program "mvn" (in directory "c:\Users\jweiser\Documents\dcc-portal\dcc-portal-server"): CreateProcess error=2, The system cannot find the file specified
	at org.javacs.JavaLanguageServer.buildClassPath(JavaLanguageServer.java:562)
	at org.javacs.JavaLanguageServer.readIfConfig(JavaLanguageServer.java:525)
	at org.javacs.JavaLanguageServer.doFindConfig(JavaLanguageServer.java:494)
	at org.javacs.JavaLanguageServer$$Lambda$55/134310351.apply(Unknown Source)
	at java.util.HashMap.computeIfAbsent(HashMap.java:1118)
	at org.javacs.JavaLanguageServer.findConfig(JavaLanguageServer.java:489)
	at org.javacs.JavaLanguageServer.findCompiler(JavaLanguageServer.java:454)
	at org.javacs.JavaLanguageServer.doHover(JavaLanguageServer.java:875)
	at org.javacs.JavaLanguageServer$1.hover(JavaLanguageServer.java:125)
	at io.typefox.lsapi.services.transport.server.LanguageServerEndpoint._doAccept(LanguageServerEndpoint.xtend:130)
	at io.typefox.lsapi.services.transport.server.LanguageServerEndpoint.doAccept(LanguageServerEndpoint.xtend:117)
	at io.typefox.lsapi.services.transport.server.LanguageServerEndpoint.accept(LanguageServerEndpoint.xtend:114)
	at io.typefox.lsapi.services.transport.server.LanguageServerEndpoint.accept(LanguageServerEndpoint.xtend)
	at io.typefox.lsapi.services.transport.AbstractLanguageEndpoint.handleMessage(LanguageEndpoint.xtend:67)
	at io.typefox.lsapi.services.transport.AbstractLanguageEndpoint.lambda$connect$4(LanguageEndpoint.xtend:61)
	at io.typefox.lsapi.services.transport.AbstractLanguageEndpoint$$Lambda$51/1597655940.accept(Unknown Source)
	at io.typefox.lsapi.services.json.StreamMessageReader$1.apply(StreamMessageReader.java:45)
	at io.typefox.lsapi.services.json.StreamMessageReader$1.apply(StreamMessageReader.java:43)
	at io.typefox.lsapi.services.json.StreamMessageReader.handleMessage(StreamMessageReader.xtend:128)
	at io.typefox.lsapi.services.json.StreamMessageReader.listen(StreamMessageReader.xtend:61)
	at io.typefox.lsapi.services.transport.AbstractLanguageEndpoint.connect(LanguageEndpoint.xtend:60)
	at org.javacs.Main.run(Main.java:150)
	at org.javacs.Main.main(Main.java:69)
Caused by: java.io.IOException: Cannot run program "mvn" (in directory "c:\Users\jweiser\Documents\dcc-portal\dcc-portal-server"): CreateProcess error=2, The system cannot find the file specified
	at java.lang.ProcessBuilder.start(ProcessBuilder.java:1048)
	at java.lang.Runtime.exec(Runtime.java:620)
	at java.lang.Runtime.exec(Runtime.java:450)
	at org.javacs.JavaLanguageServer.buildClassPath(JavaLanguageServer.java:555)
	... 22 more
Caused by: java.io.IOException: CreateProcess error=2, The system cannot find the file specified
	at java.lang.ProcessImpl.create(Native Method)
	at java.lang.ProcessImpl.<init>(ProcessImpl.java:386)
	at java.lang.ProcessImpl.start(ProcessImpl.java:137)
	at java.lang.ProcessBuilder.start(ProcessBuilder.java:1029)
	... 25 more

INFO	?	main	2016-09-15T18:06:14.348Z	org.javacs.JavaLanguageServer#buildClassPath	Emit classpath to C:\Users\jweiser\AppData\Local\Temp\classpath2465925555229476552.txt
SEVERE	?	main	2016-09-15T18:06:14.357Z	org.javacs.Main$4#onError	java.io.IOException: Cannot run program "mvn" (in directory "c:\Users\jweiser\Documents\dcc-portal\dcc-portal-server"): CreateProcess error=2, The system cannot find the file specified
java.lang.RuntimeException: java.io.IOException: Cannot run program "mvn" (in directory "c:\Users\jweiser\Documents\dcc-portal\dcc-portal-server"): CreateProcess error=2, The system cannot find the file specified
	at org.javacs.JavaLanguageServer.buildClassPath(JavaLanguageServer.java:562)
	at org.javacs.JavaLanguageServer.readIfConfig(JavaLanguageServer.java:525)
	at org.javacs.JavaLanguageServer.doFindConfig(JavaLanguageServer.java:494)
	at org.javacs.JavaLanguageServer$$Lambda$55/134310351.apply(Unknown Source)
	at java.util.HashMap.computeIfAbsent(HashMap.java:1118)
	at org.javacs.JavaLanguageServer.findConfig(JavaLanguageServer.java:489)
	at org.javacs.JavaLanguageServer.findCompiler(JavaLanguageServer.java:454)
	at org.javacs.JavaLanguageServer.doHover(JavaLanguageServer.java:875)
	at org.javacs.JavaLanguageServer$1.hover(JavaLanguageServer.java:125)
	at io.typefox.lsapi.services.transport.server.LanguageServerEndpoint._doAccept(LanguageServerEndpoint.xtend:130)
	at io.typefox.lsapi.services.transport.server.LanguageServerEndpoint.doAccept(LanguageServerEndpoint.xtend:117)
	at io.typefox.lsapi.services.transport.server.LanguageServerEndpoint.accept(LanguageServerEndpoint.xtend:114)
	at io.typefox.lsapi.services.transport.server.LanguageServerEndpoint.accept(LanguageServerEndpoint.xtend)
	at io.typefox.lsapi.services.transport.AbstractLanguageEndpoint.handleMessage(LanguageEndpoint.xtend:67)
	at io.typefox.lsapi.services.transport.AbstractLanguageEndpoint.lambda$connect$4(LanguageEndpoint.xtend:61)
	at io.typefox.lsapi.services.transport.AbstractLanguageEndpoint$$Lambda$51/1597655940.accept(Unknown Source)
	at io.typefox.lsapi.services.json.StreamMessageReader$1.apply(StreamMessageReader.java:45)
	at io.typefox.lsapi.services.json.StreamMessageReader$1.apply(StreamMessageReader.java:43)
	at io.typefox.lsapi.services.json.StreamMessageReader.handleMessage(StreamMessageReader.xtend:128)
	at io.typefox.lsapi.services.json.StreamMessageReader.listen(StreamMessageReader.xtend:61)
	at io.typefox.lsapi.services.transport.AbstractLanguageEndpoint.connect(LanguageEndpoint.xtend:60)
	at org.javacs.Main.run(Main.java:150)
	at org.javacs.Main.main(Main.java:69)
Caused by: java.io.IOException: Cannot run program "mvn" (in directory "c:\Users\jweiser\Documents\dcc-portal\dcc-portal-server"): CreateProcess error=2, The system cannot find the file specified
	at java.lang.ProcessBuilder.start(ProcessBuilder.java:1048)
	at java.lang.Runtime.exec(Runtime.java:620)
	at java.lang.Runtime.exec(Runtime.java:450)
	at org.javacs.JavaLanguageServer.buildClassPath(JavaLanguageServer.java:555)
	... 22 more
Caused by: java.io.IOException: CreateProcess error=2, The system cannot find the file specified
	at java.lang.ProcessImpl.create(Native Method)
	at java.lang.ProcessImpl.<init>(ProcessImpl.java:386)
	at java.lang.ProcessImpl.start(ProcessImpl.java:137)
	at java.lang.ProcessBuilder.start(ProcessBuilder.java:1029)
	... 25 more

INFO	?	main	2016-09-15T18:07:57.162Z	org.javacs.JavaLanguageServer#buildClassPath	Emit classpath to C:\Users\jweiser\AppData\Local\Temp\classpath1693532893052013516.txt
SEVERE	?	main	2016-09-15T18:07:57.164Z	org.javacs.Main$4#onError	java.io.IOException: Cannot run program "mvn" (in directory "c:\Users\jweiser\Documents\dcc-portal\dcc-portal-server"): CreateProcess error=2, The system cannot find the file specified
java.lang.RuntimeException: java.io.IOException: Cannot run program "mvn" (in directory "c:\Users\jweiser\Documents\dcc-portal\dcc-portal-server"): CreateProcess error=2, The system cannot find the file specified
	at org.javacs.JavaLanguageServer.buildClassPath(JavaLanguageServer.java:562)
	at org.javacs.JavaLanguageServer.readIfConfig(JavaLanguageServer.java:525)
	at org.javacs.JavaLanguageServer.doFindConfig(JavaLanguageServer.java:494)
	at org.javacs.JavaLanguageServer$$Lambda$55/134310351.apply(Unknown Source)
	at java.util.HashMap.computeIfAbsent(HashMap.java:1118)
	at org.javacs.JavaLanguageServer.findConfig(JavaLanguageServer.java:489)
	at org.javacs.JavaLanguageServer.findCompiler(JavaLanguageServer.java:454)
	at org.javacs.JavaLanguageServer$1.didClose(JavaLanguageServer.java:234)
	at io.typefox.lsapi.services.transport.server.LanguageServerEndpoint._doAccept(LanguageServerEndpoint.xtend:202)
	at io.typefox.lsapi.services.transport.server.LanguageServerEndpoint.doAccept(LanguageServerEndpoint.xtend:194)
	at io.typefox.lsapi.services.transport.server.LanguageServerEndpoint.accept(LanguageServerEndpoint.xtend:114)
	at io.typefox.lsapi.services.transport.server.LanguageServerEndpoint.accept(LanguageServerEndpoint.xtend)
	at io.typefox.lsapi.services.transport.AbstractLanguageEndpoint.handleMessage(LanguageEndpoint.xtend:67)
	at io.typefox.lsapi.services.transport.AbstractLanguageEndpoint.lambda$connect$4(LanguageEndpoint.xtend:61)
	at io.typefox.lsapi.services.transport.AbstractLanguageEndpoint$$Lambda$51/1597655940.accept(Unknown Source)
	at io.typefox.lsapi.services.json.StreamMessageReader$1.apply(StreamMessageReader.java:45)
	at io.typefox.lsapi.services.json.StreamMessageReader$1.apply(StreamMessageReader.java:43)
	at io.typefox.lsapi.services.json.StreamMessageReader.handleMessage(StreamMessageReader.xtend:128)
	at io.typefox.lsapi.services.json.StreamMessageReader.listen(StreamMessageReader.xtend:61)
	at io.typefox.lsapi.services.transport.AbstractLanguageEndpoint.connect(LanguageEndpoint.xtend:60)
	at org.javacs.Main.run(Main.java:150)
	at org.javacs.Main.main(Main.java:69)
Caused by: java.io.IOException: Cannot run program "mvn" (in directory "c:\Users\jweiser\Documents\dcc-portal\dcc-portal-server"): CreateProcess error=2, The system cannot find the file specified
	at java.lang.ProcessBuilder.start(ProcessBuilder.java:1048)
	at java.lang.Runtime.exec(Runtime.java:620)
	at java.lang.Runtime.exec(Runtime.java:450)
	at org.javacs.JavaLanguageServer.buildClassPath(JavaLanguageServer.java:555)
	... 21 more
Caused by: java.io.IOException: CreateProcess error=2, The system cannot find the file specified
	at java.lang.ProcessImpl.create(Native Method)
	at java.lang.ProcessImpl.<init>(ProcessImpl.java:386)
	at java.lang.ProcessImpl.start(ProcessImpl.java:137)
	at java.lang.ProcessBuilder.start(ProcessBuilder.java:1029)
	... 24 more

INFO	?	main	2016-09-15T20:37:33.821Z	org.javacs.JavaLanguageServer#doLint	Lint c:\Users\jweiser\Documents\dcc-portal\dcc-portal-server\src\main\java\org\icgc\dcc\portal\server\pql\convert\AggregationToFacetConverter.java
INFO	?	main	2016-09-15T20:37:33.827Z	org.javacs.JavaLanguageServer#buildClassPath	Emit classpath to C:\Users\jweiser\AppData\Local\Temp\classpath3856408065779910591.txt
SEVERE	?	main	2016-09-15T20:37:33.830Z	org.javacs.Main$4#onError	java.io.IOException: Cannot run program "mvn" (in directory "c:\Users\jweiser\Documents\dcc-portal\dcc-portal-server"): CreateProcess error=2, The system cannot find the file specified
java.lang.RuntimeException: java.io.IOException: Cannot run program "mvn" (in directory "c:\Users\jweiser\Documents\dcc-portal\dcc-portal-server"): CreateProcess error=2, The system cannot find the file specified
	at org.javacs.JavaLanguageServer.buildClassPath(JavaLanguageServer.java:562)
	at org.javacs.JavaLanguageServer.readIfConfig(JavaLanguageServer.java:525)
	at org.javacs.JavaLanguageServer.doFindConfig(JavaLanguageServer.java:494)
	at org.javacs.JavaLanguageServer$$Lambda$55/134310351.apply(Unknown Source)
	at java.util.HashMap.computeIfAbsent(HashMap.java:1118)
	at org.javacs.JavaLanguageServer.findConfig(JavaLanguageServer.java:489)
	at org.javacs.JavaLanguageServer.findCompiler(JavaLanguageServer.java:454)
	at org.javacs.JavaLanguageServer.doLint(JavaLanguageServer.java:310)
	at org.javacs.JavaLanguageServer.access$400(JavaLanguageServer.java:31)
	at org.javacs.JavaLanguageServer$1.didOpen(JavaLanguageServer.java:200)
	at io.typefox.lsapi.services.transport.server.LanguageServerEndpoint._doAccept(LanguageServerEndpoint.xtend:198)
	at io.typefox.lsapi.services.transport.server.LanguageServerEndpoint.doAccept(LanguageServerEndpoint.xtend:194)
	at io.typefox.lsapi.services.transport.server.LanguageServerEndpoint.accept(LanguageServerEndpoint.xtend:114)
	at io.typefox.lsapi.services.transport.server.LanguageServerEndpoint.accept(LanguageServerEndpoint.xtend)
	at io.typefox.lsapi.services.transport.AbstractLanguageEndpoint.handleMessage(LanguageEndpoint.xtend:67)
	at io.typefox.lsapi.services.transport.AbstractLanguageEndpoint.lambda$connect$4(LanguageEndpoint.xtend:61)
	at io.typefox.lsapi.services.transport.AbstractLanguageEndpoint$$Lambda$51/1597655940.accept(Unknown Source)
	at io.typefox.lsapi.services.json.StreamMessageReader$1.apply(StreamMessageReader.java:45)
	at io.typefox.lsapi.services.json.StreamMessageReader$1.apply(StreamMessageReader.java:43)
	at io.typefox.lsapi.services.json.StreamMessageReader.handleMessage(StreamMessageReader.xtend:128)
	at io.typefox.lsapi.services.json.StreamMessageReader.listen(StreamMessageReader.xtend:61)
	at io.typefox.lsapi.services.transport.AbstractLanguageEndpoint.connect(LanguageEndpoint.xtend:60)
	at org.javacs.Main.run(Main.java:150)
	at org.javacs.Main.main(Main.java:69)
Caused by: java.io.IOException: Cannot run program "mvn" (in directory "c:\Users\jweiser\Documents\dcc-portal\dcc-portal-server"): CreateProcess error=2, The system cannot find the file specified
	at java.lang.ProcessBuilder.start(ProcessBuilder.java:1048)
	at java.lang.Runtime.exec(Runtime.java:620)
	at java.lang.Runtime.exec(Runtime.java:450)
	at org.javacs.JavaLanguageServer.buildClassPath(JavaLanguageServer.java:555)
	... 23 more
Caused by: java.io.IOException: CreateProcess error=2, The system cannot find the file specified
	at java.lang.ProcessImpl.create(Native Method)
	at java.lang.ProcessImpl.<init>(ProcessImpl.java:386)
	at java.lang.ProcessImpl.start(ProcessImpl.java:137)
	at java.lang.ProcessBuilder.start(ProcessBuilder.java:1029)
	... 26 more

INFO	?	main	2016-09-15T20:37:38.728Z	org.javacs.JavaLanguageServer#buildClassPath	Emit classpath to C:\Users\jweiser\AppData\Local\Temp\classpath3586270115466492194.txt
SEVERE	?	main	2016-09-15T20:37:38.731Z	org.javacs.Main$4#onError	java.io.IOException: Cannot run program "mvn" (in directory "c:\Users\jweiser\Documents\dcc-portal\dcc-portal-server"): CreateProcess error=2, The system cannot find the file specified
java.lang.RuntimeException: java.io.IOException: Cannot run program "mvn" (in directory "c:\Users\jweiser\Documents\dcc-portal\dcc-portal-server"): CreateProcess error=2, The system cannot find the file specified
	at org.javacs.JavaLanguageServer.buildClassPath(JavaLanguageServer.java:562)
	at org.javacs.JavaLanguageServer.readIfConfig(JavaLanguageServer.java:525)
	at org.javacs.JavaLanguageServer.doFindConfig(JavaLanguageServer.java:494)
	at org.javacs.JavaLanguageServer$$Lambda$55/134310351.apply(Unknown Source)
	at java.util.HashMap.computeIfAbsent(HashMap.java:1118)
	at org.javacs.JavaLanguageServer.findConfig(JavaLanguageServer.java:489)
	at org.javacs.JavaLanguageServer.findCompiler(JavaLanguageServer.java:454)
	at org.javacs.JavaLanguageServer$1.didClose(JavaLanguageServer.java:234)
	at io.typefox.lsapi.services.transport.server.LanguageServerEndpoint._doAccept(LanguageServerEndpoint.xtend:202)
	at io.typefox.lsapi.services.transport.server.LanguageServerEndpoint.doAccept(LanguageServerEndpoint.xtend:194)
	at io.typefox.lsapi.services.transport.server.LanguageServerEndpoint.accept(LanguageServerEndpoint.xtend:114)
	at io.typefox.lsapi.services.transport.server.LanguageServerEndpoint.accept(LanguageServerEndpoint.xtend)
	at io.typefox.lsapi.services.transport.AbstractLanguageEndpoint.handleMessage(LanguageEndpoint.xtend:67)
	at io.typefox.lsapi.services.transport.AbstractLanguageEndpoint.lambda$connect$4(LanguageEndpoint.xtend:61)
	at io.typefox.lsapi.services.transport.AbstractLanguageEndpoint$$Lambda$51/1597655940.accept(Unknown Source)
	at io.typefox.lsapi.services.json.StreamMessageReader$1.apply(StreamMessageReader.java:45)
	at io.typefox.lsapi.services.json.StreamMessageReader$1.apply(StreamMessageReader.java:43)
	at io.typefox.lsapi.services.json.StreamMessageReader.handleMessage(StreamMessageReader.xtend:128)
	at io.typefox.lsapi.services.json.StreamMessageReader.listen(StreamMessageReader.xtend:61)
	at io.typefox.lsapi.services.transport.AbstractLanguageEndpoint.connect(LanguageEndpoint.xtend:60)
	at org.javacs.Main.run(Main.java:150)
	at org.javacs.Main.main(Main.java:69)
Caused by: java.io.IOException: Cannot run program "mvn" (in directory "c:\Users\jweiser\Documents\dcc-portal\dcc-portal-server"): CreateProcess error=2, The system cannot find the file specified
	at java.lang.ProcessBuilder.start(ProcessBuilder.java:1048)
	at java.lang.Runtime.exec(Runtime.java:620)
	at java.lang.Runtime.exec(Runtime.java:450)
	at org.javacs.JavaLanguageServer.buildClassPath(JavaLanguageServer.java:555)
	... 21 more
Caused by: java.io.IOException: CreateProcess error=2, The system cannot find the file specified
	at java.lang.ProcessImpl.create(Native Method)
	at java.lang.ProcessImpl.<init>(ProcessImpl.java:386)
	at java.lang.ProcessImpl.start(ProcessImpl.java:137)
	at java.lang.ProcessBuilder.start(ProcessBuilder.java:1029)
	... 24 more

